<?xml version="1.0" encoding="UTF-8"?>
<!-- Generated by org.testng.reporters.JUnitReportReporter -->
<testsuite hostname="Dell_New" failures="0" tests="46" name="runner.testrunner" time="199.205" errors="0" timestamp="2024-07-24T15:19:58 EDT" skipped="0">
  <testcase classname="runner.testrunner" name="runScenario" time="5.812"/>
  <testcase classname="runner.testrunner" name="runScenario" time="5.168"/>
  <testcase classname="runner.testrunner" name="runScenario" time="4.806"/>
  <testcase classname="runner.testrunner" name="runScenario" time="5.614"/>
  <testcase classname="runner.testrunner" name="runScenario" time="3.700"/>
  <testcase classname="runner.testrunner" name="runScenario" time="3.836"/>
  <testcase classname="runner.testrunner" name="runScenario" time="3.279"/>
  <testcase classname="runner.testrunner" name="runScenario" time="6.443"/>
  <testcase classname="runner.testrunner" name="runScenario" time="3.729"/>
  <testcase classname="runner.testrunner" name="runScenario" time="5.574"/>
  <testcase classname="runner.testrunner" name="runScenario" time="5.420"/>
  <testcase classname="runner.testrunner" name="runScenario" time="8.964"/>
  <testcase classname="runner.testrunner" name="runScenario" time="2.848"/>
  <testcase classname="runner.testrunner" name="runScenario" time="2.461"/>
  <testcase classname="runner.testrunner" name="runScenario" time="4.900"/>
  <testcase classname="runner.testrunner" name="runScenario" time="2.484"/>
  <testcase classname="runner.testrunner" name="runScenario" time="4.678"/>
  <testcase classname="runner.testrunner" name="runScenario" time="5.329"/>
  <testcase classname="runner.testrunner" name="runScenario" time="4.737"/>
  <testcase classname="runner.testrunner" name="runScenario" time="5.755"/>
  <testcase classname="runner.testrunner" name="runScenario" time="4.557"/>
  <testcase classname="runner.testrunner" name="runScenario" time="3.528"/>
  <testcase classname="runner.testrunner" name="runScenario" time="4.977"/>
  <testcase classname="runner.testrunner" name="runScenario" time="4.693"/>
  <testcase classname="runner.testrunner" name="runScenario" time="4.521"/>
  <testcase classname="runner.testrunner" name="runScenario" time="3.510"/>
  <testcase classname="runner.testrunner" name="runScenario" time="2.454"/>
  <testcase classname="runner.testrunner" name="runScenario" time="4.755"/>
  <testcase classname="runner.testrunner" name="runScenario" time="2.426"/>
  <testcase classname="runner.testrunner" name="runScenario" time="4.652"/>
  <testcase classname="runner.testrunner" name="runScenario" time="4.514"/>
  <testcase classname="runner.testrunner" name="runScenario" time="3.416"/>
  <testcase classname="runner.testrunner" name="runScenario" time="4.666"/>
  <testcase classname="runner.testrunner" name="runScenario" time="2.206"/>
  <testcase classname="runner.testrunner" name="runScenario" time="4.668"/>
  <testcase classname="runner.testrunner" name="runScenario" time="2.270"/>
  <testcase classname="runner.testrunner" name="runScenario" time="5.840"/>
  <testcase classname="runner.testrunner" name="runScenario" time="4.637"/>
  <testcase classname="runner.testrunner" name="runScenario" time="4.647"/>
  <testcase classname="runner.testrunner" name="runScenario" time="3.723"/>
  <testcase classname="runner.testrunner" name="runScenario" time="5.193"/>
  <testcase classname="runner.testrunner" name="runScenario" time="2.555"/>
  <testcase classname="runner.testrunner" name="runScenario" time="4.742"/>
  <testcase classname="runner.testrunner" name="runScenario" time="3.424"/>
  <testcase classname="runner.testrunner" name="runScenario" time="3.695"/>
  <testcase classname="runner.testrunner" name="runScenario" time="3.399"/>
</testsuite> <!-- runner.testrunner -->
